<?xml version="1.0" encoding="UTF-8"?>
<!-- Generated by org.testng.reporters.JUnitReportReporter -->
<testsuite hostname="LAPTOP-R5TA8NN3" failures="0" tests="1" name="Academy.Cart" time="11.959" errors="0" timestamp="2022-03-07T09:12:21 CET" skipped="0">
  <testcase classname="Academy.Cart" name="addToCart" time="11.959"/>
  <system-out/>
</testsuite> <!-- Academy.Cart -->
