<?xml version="1.0" encoding="UTF-8"?>
<!-- Generated by org.testng.reporters.JUnitReportReporter -->
<testsuite hostname="LAPTOP-R5TA8NN3" failures="0" tests="2" name="Academy.HomePage" time="9.767" errors="0" timestamp="2022-03-05T15:58:18 CET" skipped="0">
  <testcase classname="Academy.HomePage" name="basePageNavigation" time="1.938"/>
  <system-out/>
  <testcase classname="Academy.HomePage" name="basePageNavigation" time="7.829"/>
  <system-out/>
</testsuite> <!-- Academy.HomePage -->
