<?xml version="1.0" encoding="UTF-8"?>
<!-- Generated by org.testng.reporters.JUnitReportReporter -->
<testsuite hostname="LAPTOP-R5TA8NN3" failures="0" tests="1" name="Academy.HomePage" time="8.807" errors="0" timestamp="2022-02-06T17:00:11 CET" skipped="0">
  <testcase classname="Academy.HomePage" name="basePageNavigation" time="8.807"/>
  <system-out/>
</testsuite> <!-- Academy.HomePage -->
