<?xml version="1.0" encoding="UTF-8"?>
<!-- Generated by org.testng.reporters.JUnitReportReporter -->
<testsuite hostname="LAPTOP-R5TA8NN3" failures="0" tests="1" name="Academy.ValidateNavigation" time="0.040" errors="0" timestamp="2022-03-05T15:58:18 CET" skipped="0">
  <testcase classname="Academy.ValidateNavigation" name="validateAppNavBar" time="0.040"/>
  <system-out/>
</testsuite> <!-- Academy.ValidateNavigation -->
