<?xml version="1.0" encoding="UTF-8"?>
<!-- Generated by org.testng.reporters.JUnitReportReporter -->
<testsuite hostname="LAPTOP-R5TA8NN3" failures="0" tests="2" name="Academy.HomePage" time="7.551" errors="0" timestamp="2022-03-04T09:28:55 CET" skipped="0">
  <testcase classname="Academy.HomePage" name="basePageNavigation" time="5.151"/>
  <system-out/>
  <testcase classname="Academy.HomePage" name="basePageNavigation" time="2.400"/>
  <system-out/>
</testsuite> <!-- Academy.HomePage -->
