<?xml version="1.0" encoding="UTF-8"?>
<!-- Generated by org.testng.reporters.JUnitReportReporter -->
<testsuite hostname="LAPTOP-R5TA8NN3" failures="0" tests="1" name="Academy.Cart" time="12.525" errors="0" timestamp="2022-03-05T15:58:56 CET" skipped="0">
  <testcase classname="Academy.Cart" name="addToCart" time="12.525"/>
  <system-out/>
</testsuite> <!-- Academy.Cart -->
