<?xml version="1.0" encoding="UTF-8"?>
<!-- Generated by org.testng.reporters.JUnitReportReporter -->
<testsuite hostname="LAPTOP-R5TA8NN3" failures="0" tests="1" name="Academy.Cart" time="14.592" errors="0" timestamp="2022-03-06T16:53:08 CET" skipped="0">
  <testcase classname="Academy.Cart" name="addToCart" time="14.592"/>
  <system-out/>
</testsuite> <!-- Academy.Cart -->
