<?xml version="1.0" encoding="UTF-8"?>
<!-- Generated by org.testng.reporters.JUnitReportReporter -->
<testsuite hostname="LAPTOP-R5TA8NN3" failures="0" tests="1" name="Academy.ValidateNavigation" time="0.067" errors="0" timestamp="2022-03-04T09:27:30 CET" skipped="0">
  <testcase classname="Academy.ValidateNavigation" name="basePageNavigation" time="0.067"/>
  <system-out/>
</testsuite> <!-- Academy.ValidateNavigation -->
