<?xml version="1.0" encoding="UTF-8"?>
<!-- Generated by org.testng.reporters.JUnitReportReporter -->
<testsuite hostname="LAPTOP-R5TA8NN3" failures="0" tests="2" name="Academy.HomePage" time="7.793" errors="0" timestamp="2022-03-07T09:14:22 CET" skipped="0">
  <testcase classname="Academy.HomePage" name="basePageNavigation" time="5.445"/>
  <system-out/>
  <testcase classname="Academy.HomePage" name="basePageNavigation" time="2.348"/>
  <system-out/>
</testsuite> <!-- Academy.HomePage -->
