<?xml version="1.0" encoding="UTF-8"?>
<!-- Generated by org.testng.reporters.JUnitReportReporter -->
<testsuite hostname="LAPTOP-R5TA8NN3" failures="0" tests="1" name="Academy.validateTitle" time="0.025" errors="0" timestamp="2022-03-05T16:00:18 CET" skipped="0">
  <testcase classname="Academy.validateTitle" name="validateAppTitle" time="0.025"/>
  <system-out/>
</testsuite> <!-- Academy.validateTitle -->
