<?xml version="1.0" encoding="UTF-8"?>
<!-- Generated by org.testng.reporters.JUnitReportReporter -->
<testsuite hostname="LAPTOP-R5TA8NN3" failures="0" tests="2" name="Academy.HomePage" time="9.917" errors="0" timestamp="2022-03-06T16:56:10 CET" skipped="0">
  <testcase classname="Academy.HomePage" name="basePageNavigation" time="7.600"/>
  <system-out/>
  <testcase classname="Academy.HomePage" name="basePageNavigation" time="2.317"/>
  <system-out/>
</testsuite> <!-- Academy.HomePage -->
