<?xml version="1.0" encoding="UTF-8"?>
<!-- Generated by org.testng.reporters.JUnitReportReporter -->
<testsuite hostname="LAPTOP-R5TA8NN3" failures="0" tests="2" name="Academy.HomePage" time="8.536" errors="0" timestamp="2022-03-05T16:00:18 CET" skipped="0">
  <testcase classname="Academy.HomePage" name="basePageNavigation" time="1.884"/>
  <system-out/>
  <testcase classname="Academy.HomePage" name="basePageNavigation" time="6.652"/>
  <system-out/>
</testsuite> <!-- Academy.HomePage -->
